<?xml version="1.0" encoding="UTF-8"?>
<testng-results ignored="0" total="1" passed="1" failed="0" skipped="0">
  <reporter-output>
  </reporter-output>
  <suite started-at="2023-10-27T19:48:35 CDT" name="Default suite" finished-at="2023-10-27T19:48:42 CDT" duration-ms="6875">
    <groups>
    </groups>
    <test started-at="2023-10-27T19:48:35 CDT" name="Default test" finished-at="2023-10-27T19:48:42 CDT" duration-ms="6875">
      <class name="testNgCostco.CostcoBasic">
        <test-method signature="Costco()[pri:0, instance:testNgCostco.CostcoBasic@65d6b83b]" started-at="2023-10-27T19:48:35 CDT" name="Costco" finished-at="2023-10-27T19:48:42 CDT" duration-ms="6856" status="PASS">
          <reporter-output>
          </reporter-output>
        </test-method> <!-- Costco -->
      </class> <!-- testNgCostco.CostcoBasic -->
    </test> <!-- Default test -->
  </suite> <!-- Default suite -->
</testng-results>
